[INFO] [2017-12-27 11:00:46][org.springframework.context.support.ClassPathXmlApplicationContext]Refreshing org.springframework.context.support.ClassPathXmlApplicationContext@3830f1c0: startup date [Wed Dec 27 11:00:46 CST 2017]; root of context hierarchy
[INFO] [2017-12-27 11:00:46][org.springframework.beans.factory.xml.XmlBeanDefinitionReader]Loading XML bean definitions from class path resource [applicationContext.xml]
[INFO] [2017-12-27 11:00:48][org.springframework.beans.factory.config.PropertyPlaceholderConfigurer]Loading properties file from class path resource [jdbc.properties]
[INFO] [2017-12-27 11:00:48][com.mchange.v2.log.MLog]MLog clients using slf4j logging.
[INFO] [2017-12-27 11:00:49][com.mchange.v2.c3p0.C3P0Registry]Initializing c3p0-0.9.5 [built 02-January-2015 13:25:04 -0500; debug? true; trace: 10]
[INFO] [2017-12-27 11:00:50][org.hibernate.Version]HHH000412: Hibernate Core {5.2.10.Final}
[INFO] [2017-12-27 11:00:50][org.hibernate.cfg.Environment]HHH000206: hibernate.properties not found
[INFO] [2017-12-27 11:00:51][org.hibernate.annotations.common.Version]HCANN000001: Hibernate Commons Annotations {5.0.1.Final}
[INFO] [2017-12-27 11:00:52][com.mchange.v2.c3p0.impl.AbstractPoolBackedDataSource]Initializing c3p0 pool... com.mchange.v2.c3p0.ComboPooledDataSource [ acquireIncrement -> 5, acquireRetryAttempts -> 30, acquireRetryDelay -> 1000, autoCommitOnClose -> false, automaticTestTable -> null, breakAfterAcquireFailure -> false, checkoutTimeout -> 0, connectionCustomizerClassName -> null, connectionTesterClassName -> com.mchange.v2.c3p0.impl.DefaultConnectionTester, contextClassLoaderSource -> caller, dataSourceName -> 1hge1bt9s15lgmeo1fdi7uq|6f1de4c7, debugUnreturnedConnectionStackTraces -> false, description -> null, driverClass -> com.mysql.jdbc.Driver, extensions -> {}, factoryClassLocation -> null, forceIgnoreUnresolvedTransactions -> false, forceUseNamedDriverClass -> false, identityToken -> 1hge1bt9s15lgmeo1fdi7uq|6f1de4c7, idleConnectionTestPeriod -> 60, initialPoolSize -> 20, jdbcUrl -> jdbc:mysql://localhost:3306/bj1707?useUnicode=true&characterEncoding=UTF-8, maxAdministrativeTaskTime -> 0, maxConnectionAge -> 0, maxIdleTime -> 600, maxIdleTimeExcessConnections -> 0, maxPoolSize -> 100, maxStatements -> 5, maxStatementsPerConnection -> 0, minPoolSize -> 10, numHelperThreads -> 3, preferredTestQuery -> null, privilegeSpawnedThreads -> false, properties -> {user=******, password=******}, propertyCycle -> 0, statementCacheNumDeferredCloseThreads -> 0, testConnectionOnCheckin -> false, testConnectionOnCheckout -> false, unreturnedConnectionTimeout -> 0, userOverrides -> {}, usesTraditionalReflectiveProxies -> false ]
[INFO] [2017-12-27 11:00:53][org.hibernate.dialect.Dialect]HHH000400: Using dialect: org.hibernate.dialect.MySQL5InnoDBDialect
[INFO] [2017-12-27 11:00:54][org.springframework.orm.hibernate5.HibernateTransactionManager]Using DataSource [com.mchange.v2.c3p0.ComboPooledDataSource[ identityToken -> 1hge1bt9s15lgmeo1fdi7uq|6f1de4c7, dataSourceName -> 1hge1bt9s15lgmeo1fdi7uq|6f1de4c7 ]] of Hibernate SessionFactory for HibernateTransactionManager
[INFO] [2017-12-27 11:07:37][org.springframework.context.support.ClassPathXmlApplicationContext]Refreshing org.springframework.context.support.ClassPathXmlApplicationContext@3830f1c0: startup date [Wed Dec 27 11:07:37 CST 2017]; root of context hierarchy
[INFO] [2017-12-27 11:07:37][org.springframework.beans.factory.xml.XmlBeanDefinitionReader]Loading XML bean definitions from class path resource [applicationContext.xml]
[INFO] [2017-12-27 11:07:38][org.springframework.beans.factory.config.PropertyPlaceholderConfigurer]Loading properties file from class path resource [jdbc.properties]
[INFO] [2017-12-27 11:07:38][com.mchange.v2.log.MLog]MLog clients using slf4j logging.
[INFO] [2017-12-27 11:07:38][com.mchange.v2.c3p0.C3P0Registry]Initializing c3p0-0.9.5 [built 02-January-2015 13:25:04 -0500; debug? true; trace: 10]
[INFO] [2017-12-27 11:07:39][org.hibernate.Version]HHH000412: Hibernate Core {5.2.10.Final}
[INFO] [2017-12-27 11:07:39][org.hibernate.cfg.Environment]HHH000206: hibernate.properties not found
[INFO] [2017-12-27 11:07:40][org.hibernate.annotations.common.Version]HCANN000001: Hibernate Commons Annotations {5.0.1.Final}
[INFO] [2017-12-27 11:07:40][com.mchange.v2.c3p0.impl.AbstractPoolBackedDataSource]Initializing c3p0 pool... com.mchange.v2.c3p0.ComboPooledDataSource [ acquireIncrement -> 5, acquireRetryAttempts -> 30, acquireRetryDelay -> 1000, autoCommitOnClose -> false, automaticTestTable -> null, breakAfterAcquireFailure -> false, checkoutTimeout -> 0, connectionCustomizerClassName -> null, connectionTesterClassName -> com.mchange.v2.c3p0.impl.DefaultConnectionTester, contextClassLoaderSource -> caller, dataSourceName -> 1hge1bt9s15lpekd1dtsb44|2f9f7dcf, debugUnreturnedConnectionStackTraces -> false, description -> null, driverClass -> com.mysql.jdbc.Driver, extensions -> {}, factoryClassLocation -> null, forceIgnoreUnresolvedTransactions -> false, forceUseNamedDriverClass -> false, identityToken -> 1hge1bt9s15lpekd1dtsb44|2f9f7dcf, idleConnectionTestPeriod -> 60, initialPoolSize -> 20, jdbcUrl -> jdbc:mysql://localhost:3306/bj1707?useUnicode=true&characterEncoding=UTF-8, maxAdministrativeTaskTime -> 0, maxConnectionAge -> 0, maxIdleTime -> 600, maxIdleTimeExcessConnections -> 0, maxPoolSize -> 100, maxStatements -> 5, maxStatementsPerConnection -> 0, minPoolSize -> 10, numHelperThreads -> 3, preferredTestQuery -> null, privilegeSpawnedThreads -> false, properties -> {user=******, password=******}, propertyCycle -> 0, statementCacheNumDeferredCloseThreads -> 0, testConnectionOnCheckin -> false, testConnectionOnCheckout -> false, unreturnedConnectionTimeout -> 0, userOverrides -> {}, usesTraditionalReflectiveProxies -> false ]
[INFO] [2017-12-27 11:07:41][org.hibernate.dialect.Dialect]HHH000400: Using dialect: org.hibernate.dialect.MySQL5InnoDBDialect
[INFO] [2017-12-27 11:07:42][org.springframework.orm.hibernate5.HibernateTransactionManager]Using DataSource [com.mchange.v2.c3p0.ComboPooledDataSource[ identityToken -> 1hge1bt9s15lpekd1dtsb44|2f9f7dcf, dataSourceName -> 1hge1bt9s15lpekd1dtsb44|2f9f7dcf ]] of Hibernate SessionFactory for HibernateTransactionManager
[INFO] [2017-12-27 11:10:20][org.springframework.context.support.ClassPathXmlApplicationContext]Refreshing org.springframework.context.support.ClassPathXmlApplicationContext@3830f1c0: startup date [Wed Dec 27 11:10:20 CST 2017]; root of context hierarchy
[INFO] [2017-12-27 11:10:20][org.springframework.beans.factory.xml.XmlBeanDefinitionReader]Loading XML bean definitions from class path resource [applicationContext.xml]
[INFO] [2017-12-27 11:10:21][org.springframework.beans.factory.config.PropertyPlaceholderConfigurer]Loading properties file from class path resource [jdbc.properties]
[INFO] [2017-12-27 11:10:21][com.mchange.v2.log.MLog]MLog clients using slf4j logging.
[INFO] [2017-12-27 11:10:21][com.mchange.v2.c3p0.C3P0Registry]Initializing c3p0-0.9.5 [built 02-January-2015 13:25:04 -0500; debug? true; trace: 10]
[INFO] [2017-12-27 11:10:22][org.hibernate.Version]HHH000412: Hibernate Core {5.2.10.Final}
[INFO] [2017-12-27 11:10:22][org.hibernate.cfg.Environment]HHH000206: hibernate.properties not found
[INFO] [2017-12-27 11:10:23][org.hibernate.annotations.common.Version]HCANN000001: Hibernate Commons Annotations {5.0.1.Final}
[INFO] [2017-12-27 11:10:23][com.mchange.v2.c3p0.impl.AbstractPoolBackedDataSource]Initializing c3p0 pool... com.mchange.v2.c3p0.ComboPooledDataSource [ acquireIncrement -> 5, acquireRetryAttempts -> 30, acquireRetryDelay -> 1000, autoCommitOnClose -> false, automaticTestTable -> null, breakAfterAcquireFailure -> false, checkoutTimeout -> 0, connectionCustomizerClassName -> null, connectionTesterClassName -> com.mchange.v2.c3p0.impl.DefaultConnectionTester, contextClassLoaderSource -> caller, dataSourceName -> 1hge1bt9s15lsw74ltj7zx|409bf450, debugUnreturnedConnectionStackTraces -> false, description -> null, driverClass -> com.mysql.jdbc.Driver, extensions -> {}, factoryClassLocation -> null, forceIgnoreUnresolvedTransactions -> false, forceUseNamedDriverClass -> false, identityToken -> 1hge1bt9s15lsw74ltj7zx|409bf450, idleConnectionTestPeriod -> 60, initialPoolSize -> 20, jdbcUrl -> jdbc:mysql://localhost:3306/bj1707?useUnicode=true&characterEncoding=UTF-8, maxAdministrativeTaskTime -> 0, maxConnectionAge -> 0, maxIdleTime -> 600, maxIdleTimeExcessConnections -> 0, maxPoolSize -> 100, maxStatements -> 5, maxStatementsPerConnection -> 0, minPoolSize -> 10, numHelperThreads -> 3, preferredTestQuery -> null, privilegeSpawnedThreads -> false, properties -> {user=******, password=******}, propertyCycle -> 0, statementCacheNumDeferredCloseThreads -> 0, testConnectionOnCheckin -> false, testConnectionOnCheckout -> false, unreturnedConnectionTimeout -> 0, userOverrides -> {}, usesTraditionalReflectiveProxies -> false ]
[INFO] [2017-12-27 11:10:24][org.hibernate.dialect.Dialect]HHH000400: Using dialect: org.hibernate.dialect.MySQL5InnoDBDialect
[INFO] [2017-12-27 11:10:25][org.springframework.orm.hibernate5.HibernateTransactionManager]Using DataSource [com.mchange.v2.c3p0.ComboPooledDataSource[ identityToken -> 1hge1bt9s15lsw74ltj7zx|409bf450, dataSourceName -> 1hge1bt9s15lsw74ltj7zx|409bf450 ]] of Hibernate SessionFactory for HibernateTransactionManager
